#
# There is insufficient memory for the Java Runtime Environment to continue.
# Native memory allocation (mmap) failed to map 266338304 bytes for G1 virtual space
# Possible reasons:
#   The system is out of physical RAM or swap space
#   The process is running with CompressedOops enabled, and the Java Heap may be blocking the growth of the native heap
# Possible solutions:
#   Reduce memory load on the system
#   Increase physical memory or swap space
#   Check if swap backing store is full
#   Decrease Java heap size (-Xmx/-Xms)
#   Decrease number of Java threads
#   Decrease Java thread stack sizes (-Xss)
#   Set larger code cache with -XX:ReservedCodeCacheSize=
#   JVM is running with Zero Based Compressed Oops mode in which the Java heap is
#     placed in the first 32GB address space. The Java Heap base address is the
#     maximum limit for the native heap growth. Please use -XX:HeapBaseMinAddress
#     to set the Java Heap base and to place the Java Heap above 32GB virtual address.
# This output file may be truncated or incomplete.
#
#  Out of Memory Error (os_windows.cpp:3466), pid=37320, tid=15516
#
# JRE version:  (16.0.2+7) (build )
# Java VM: Java HotSpot(TM) 64-Bit Server VM (16.0.2+7-67, mixed mode, sharing, tiered, compressed oops, compressed class ptrs, g1 gc, windows-amd64)
# No core dump will be written. Minidumps are not enabled by default on client versions of Windows
#

---------------  S U M M A R Y ------------

Command Line: -Dfile.encoding=Cp1252 -XX:+ShowCodeDetailsInExceptionMessages main.java.DrawReport_kf

Host: Intel(R) Core(TM) i7-10750H CPU @ 2.60GHz, 12 cores, 15G,  Windows 10 , 64 bit Build 22000 (10.0.22000.318)
Time: Mon Dec 27 19:42:12 2021 India Standard Time elapsed time: 0.010204 seconds (0d 0h 0m 0s)

---------------  T H R E A D  ---------------

Current thread (0x0000021c47c38a80):  JavaThread "Unknown thread" [_thread_in_vm, id=15516, stack(0x0000008e29800000,0x0000008e29900000)]

Stack: [0x0000008e29800000,0x0000008e29900000]
Native frames: (J=compiled Java code, j=interpreted, Vv=VM code, C=native code)
V  [jvm.dll+0x6681ca]
V  [jvm.dll+0x7c9e69]
V  [jvm.dll+0x7cb61e]
V  [jvm.dll+0x7cbc73]
V  [jvm.dll+0x242c55]
V  [jvm.dll+0x664f89]
V  [jvm.dll+0x659b75]
V  [jvm.dll+0x2fbfbb]
V  [jvm.dll+0x3031b6]
V  [jvm.dll+0x35299e]
V  [jvm.dll+0x352bcf]
V  [jvm.dll+0x2d3028]
V  [jvm.dll+0x2d4264]
V  [jvm.dll+0x79c741]
V  [jvm.dll+0x360791]
V  [jvm.dll+0x77a3f0]
V  [jvm.dll+0x3e4e8f]
V  [jvm.dll+0x3e6961]
C  [jli.dll+0x52fb]
C  [ucrtbase.dll+0x26c0c]
C  [KERNEL32.DLL+0x154e0]
C  [ntdll.dll+0x485b]


---------------  P R O C E S S  ---------------

Threads class SMR info:
_java_thread_list=0x00007ffab62ecbb8, length=0, elements={
}

Java Threads: ( => current thread )

Other Threads:
  0x0000021c47c8a470 GCTaskThread "GC Thread#0" [stack: 0x0000008e29900000,0x0000008e29a00000] [id=39164]
  0x0000021c47c9b2f0 ConcurrentGCThread "G1 Main Marker" [stack: 0x0000008e29a00000,0x0000008e29b00000] [id=36584]
  0x0000021c47c9c580 ConcurrentGCThread "G1 Conc#0" [stack: 0x0000008e29b00000,0x0000008e29c00000] [id=29336]

[error occurred during error reporting (printing all threads), id 0xc0000005, EXCEPTION_ACCESS_VIOLATION (0xc0000005) at pc=0x00007ffab5ac3ee7]

VM state: not at safepoint (not fully initialized)

VM Mutex/Monitor currently owned by a thread:  ([mutex/lock_event])
[0x0000021c47c35f80] Heap_lock - owner thread: 0x0000021c47c38a80

Heap address: 0x0000000702c00000, size: 4052 MB, Compressed Oops mode: Zero based, Oop shift amount: 3

CDS archive(s) mapped at: [0x0000000000000000-0x0000000000000000-0x0000000000000000), size 0, SharedBaseAddress: 0x0000000800000000, ArchiveRelocationMode: 0.
Narrow klass base: 0x0000000000000000, Narrow klass shift: 0, Narrow klass range: 0x0

GC Precious Log:
<Empty>

Heap:
 garbage-first heap   total 0K, used 0K [0x0000000702c00000, 0x0000000800000000)
  region size 2048K, 0 young (0K), 0 survivors (0K)

[error occurred during error reporting (printing heap information), id 0xc0000005, EXCEPTION_ACCESS_VIOLATION (0xc0000005) at pc=0x00007ffab5ea1eed]

GC Heap History (0 events):
No events

Deoptimization events (0 events):
No events

Classes unloaded (0 events):
No events

Classes redefined (0 events):
No events

Internal exceptions (0 events):
No events

Events (1 events):
Event: 0.007 Loaded shared library C:\Program Files\Java\jdk-16.0.2\bin\java.dll


Dynamic libraries:
0x00007ff65a740000 - 0x00007ff65a750000 	C:\Program Files\Java\jdk-16.0.2\bin\javaw.exe
0x00007ffb33b60000 - 0x00007ffb33d67000 	C:\WINDOWS\SYSTEM32\ntdll.dll
0x00007ffb330b0000 - 0x00007ffb3316d000 	C:\WINDOWS\System32\KERNEL32.DLL
0x00007ffb31040000 - 0x00007ffb313b4000 	C:\WINDOWS\System32\KERNELBASE.dll
0x00007ffb317b0000 - 0x00007ffb318c1000 	C:\WINDOWS\System32\ucrtbase.dll
0x00007ffb29ff0000 - 0x00007ffb2a008000 	C:\Program Files\Java\jdk-16.0.2\bin\jli.dll
0x00007ffb28e00000 - 0x00007ffb28e19000 	C:\Program Files\Java\jdk-16.0.2\bin\VCRUNTIME140.dll
0x00007ffb33180000 - 0x00007ffb3322c000 	C:\WINDOWS\System32\ADVAPI32.dll
0x00007ffb33420000 - 0x00007ffb334c3000 	C:\WINDOWS\System32\msvcrt.dll
0x00007ffb33a80000 - 0x00007ffb33b1d000 	C:\WINDOWS\System32\sechost.dll
0x00007ffb338a0000 - 0x00007ffb339c1000 	C:\WINDOWS\System32\RPCRT4.dll
0x00007ffb32140000 - 0x00007ffb322ec000 	C:\WINDOWS\System32\USER32.dll
0x00007ffb314e0000 - 0x00007ffb31506000 	C:\WINDOWS\System32\win32u.dll
0x00007ffb163b0000 - 0x00007ffb16655000 	C:\WINDOWS\WinSxS\amd64_microsoft.windows.common-controls_6595b64144ccf1df_6.0.22000.120_none_9d947278b86cc467\COMCTL32.dll
0x00007ffb319f0000 - 0x00007ffb31a19000 	C:\WINDOWS\System32\GDI32.dll
0x00007ffb318d0000 - 0x00007ffb319e2000 	C:\WINDOWS\System32\gdi32full.dll
0x00007ffb31440000 - 0x00007ffb314dd000 	C:\WINDOWS\System32\msvcp_win.dll
0x00007ffb2c850000 - 0x00007ffb2c85a000 	C:\WINDOWS\SYSTEM32\VERSION.dll
0x00007ffb336a0000 - 0x00007ffb336d1000 	C:\WINDOWS\System32\IMM32.DLL
0x00007ffb2c730000 - 0x00007ffb2c73c000 	C:\Program Files\Java\jdk-16.0.2\bin\vcruntime140_1.dll
0x00007ffaf72c0000 - 0x00007ffaf7351000 	C:\Program Files\Java\jdk-16.0.2\bin\msvcp140.dll
0x00007ffab57e0000 - 0x00007ffab638b000 	C:\Program Files\Java\jdk-16.0.2\bin\server\jvm.dll
0x00007ffb31b40000 - 0x00007ffb31b48000 	C:\WINDOWS\System32\PSAPI.DLL
0x00007ffb2c6b0000 - 0x00007ffb2c6b9000 	C:\WINDOWS\SYSTEM32\WSOCK32.dll
0x00007ffb21ec0000 - 0x00007ffb21ef3000 	C:\WINDOWS\SYSTEM32\WINMM.dll
0x00007ffb33340000 - 0x00007ffb333af000 	C:\WINDOWS\System32\WS2_32.dll
0x00007ffb30250000 - 0x00007ffb30268000 	C:\WINDOWS\SYSTEM32\kernel.appcore.dll
0x00007ffb2c340000 - 0x00007ffb2c34a000 	C:\Program Files\Java\jdk-16.0.2\bin\jimage.dll
0x00007ffb2f4d0000 - 0x00007ffb2f6f1000 	C:\WINDOWS\SYSTEM32\DBGHELP.DLL
0x00007ffb2b3f0000 - 0x00007ffb2b421000 	C:\WINDOWS\SYSTEM32\dbgcore.DLL
0x00007ffb313c0000 - 0x00007ffb3143f000 	C:\WINDOWS\System32\bcryptPrimitives.dll
0x00007ffb14010000 - 0x00007ffb14035000 	C:\Program Files\Java\jdk-16.0.2\bin\java.dll

dbghelp: loaded successfully - version: 4.0.5 - missing functions: none
symbol engine: initialized successfully - sym options: 0x614 - pdb path: .;C:\Program Files\Java\jdk-16.0.2\bin;C:\WINDOWS\SYSTEM32;C:\WINDOWS\WinSxS\amd64_microsoft.windows.common-controls_6595b64144ccf1df_6.0.22000.120_none_9d947278b86cc467;C:\Program Files\Java\jdk-16.0.2\bin\server

VM Arguments:
jvm_args: -Dfile.encoding=Cp1252 -XX:+ShowCodeDetailsInExceptionMessages 
java_command: main.java.DrawReport_kf
java_class_path (initial): C:\Users\brahm\OneDrive\Desktop\Mayura Project\Mayura_Analytical_Titrator\target\classes;C:\Users\brahm\OneDrive\Desktop\Mayura Project\jSerialComm-2.7.0.jar;C:\Users\brahm\OneDrive\Desktop\Mayura Project\jfreechart-1.0.19.jar;C:\Users\brahm\OneDrive\Desktop\Mayura Project\jcommon-1.0.23.jar;C:\Users\brahm\OneDrive\Desktop\Mayura Project\sqlite-jdbc-3.8.11.2.jar;C:\Users\brahm\OneDrive\Desktop\Mayura Project\jdatepicker-1.3.4.jar;C:\Users\brahm\OneDrive\Desktop\Mayura Project\libraries\jlatexmath-1.0.7.jar;C:\Users\brahm\.m2\repository\javax\xml\bind\jaxb-api\2.3.0\jaxb-api-2.3.0.jar;C:\Users\brahm\.m2\repository\e-iceblue\spire.pdf.free\3.9.0\spire.pdf.free-3.9.0.jar;C:\Users\brahm\.m2\repository\com\itextpdf\itextpdf\5.5.13.2\itextpdf-5.5.13.2.jar
Launcher Type: SUN_STANDARD

[Global flags]
     intx CICompilerCount                          = 4                                         {product} {ergonomic}
     uint ConcGCThreads                            = 3                                         {product} {ergonomic}
     uint G1ConcRefinementThreads                  = 10                                        {product} {ergonomic}
   size_t G1HeapRegionSize                         = 2097152                                   {product} {ergonomic}
    uintx GCDrainStackTargetSize                   = 64                                        {product} {ergonomic}
   size_t InitialHeapSize                          = 266338304                                 {product} {ergonomic}
   size_t MarkStackSize                            = 4194304                                   {product} {ergonomic}
   size_t MaxHeapSize                              = 4248829952                                {product} {ergonomic}
   size_t MinHeapDeltaBytes                        = 2097152                                   {product} {ergonomic}
   size_t MinHeapSize                              = 8388608                                   {product} {ergonomic}
    uintx NonNMethodCodeHeapSize                   = 5839372                                {pd product} {ergonomic}
    uintx NonProfiledCodeHeapSize                  = 122909434                              {pd product} {ergonomic}
    uintx ProfiledCodeHeapSize                     = 122909434                              {pd product} {ergonomic}
    uintx ReservedCodeCacheSize                    = 251658240                              {pd product} {ergonomic}
     bool SegmentedCodeCache                       = true                                      {product} {ergonomic}
     bool ShowCodeDetailsInExceptionMessages       = true                                   {manageable} {command line}
   size_t SoftMaxHeapSize                          = 4248829952                             {manageable} {ergonomic}
     bool UseCompressedClassPointers               = true                           {product lp64_product} {ergonomic}
     bool UseCompressedOops                        = true                           {product lp64_product} {ergonomic}
     bool UseG1GC                                  = true                                      {product} {ergonomic}
     bool UseLargePagesIndividualAllocation        = false                                  {pd product} {ergonomic}

Logging:
Log output configuration:
 #0: stdout all=warning uptime,level,tags
 #1: stderr all=off uptime,level,tags

Environment Variables:
JAVA_HOME=C:\Program Files\Java\jdk-16.0.2
PATH=C:\Program Files\Common Files\Oracle\Java\javapath;C:\Windows\system32;C:\Windows;C:\Windows\System32\Wbem;C:\Windows\System32\WindowsPowerShell\v1.0\;C:\Windows\System32\OpenSSH\;C:\Program Files (x86)\NVIDIA Corporation\PhysX\Common;C:\Program Files\NVIDIA Corporation\NVIDIA NvDLISR;C:\WINDOWS\system32;C:\WINDOWS;C:\WINDOWS\System32\Wbem;C:\WINDOWS\System32\WindowsPowerShell\v1.0\;C:\WINDOWS\System32\OpenSSH\;C:\Program Files\Java\jdk-16.0.2\bin;C:\Program Files\dotnet\;C:\Program Files\apache-maven-3.8.2\bin;C:\Program Files\MySQL\MySQL Shell 8.0\bin\;C:\Users\brahm\AppData\Local\Microsoft\WindowsApps;C:\Users\brahm\AppData\Local\Programs\Microsoft VS Code\bin;C:\Users\brahm\.dotnet\tools;C:\MinGW\bin;
USERNAME=brahm
OS=Windows_NT
PROCESSOR_IDENTIFIER=Intel64 Family 6 Model 165 Stepping 2, GenuineIntel



---------------  S Y S T E M  ---------------

OS:
 Windows 10 , 64 bit Build 22000 (10.0.22000.318)
OS uptime: 5 days 9:18 hours

CPU: total 12 (initial active 12) (6 cores per cpu, 2 threads per core) family 6 model 165 stepping 2 microcode 0xe0, cx8, cmov, fxsr, ht, mmx, 3dnowpref, sse, sse2, sse3, ssse3, sse4.1, sse4.2, popcnt, lzcnt, tsc, tscinvbit, avx, avx2, aes, erms, clmul, bmi1, bmi2, adx, fma, vzeroupper, clflush, clflushopt

Memory: 4k page, system-wide physical 16204M (1898M free)
TotalPageFile size 65356M (AvailPageFile size 10M)
current process WorkingSet (physical memory assigned to process): 10M, peak: 10M
current process commit charge ("private bytes"): 64M, peak: 318M

vm_info: Java HotSpot(TM) 64-Bit Server VM (16.0.2+7-67) for windows-amd64 JRE (16.0.2+7-67), built on Jun  8 2021 23:24:19 by "mach5one" with MS VC++ 16.7 (VS2019)

END.
